<?xml version="1.0" encoding="UTF-8"?>
<testsuite name="com.example.pmController.PmControllerApplicationTests" tests="1" skipped="0" failures="0" errors="0" timestamp="2023-09-06T18:10:49" hostname="ilhanui-MacBookAir.local" time="0.154">
  <properties/>
  <testcase name="contextLoads()" classname="com.example.pmController.PmControllerApplicationTests" time="0.154"/>
  <system-out><![CDATA[03:10:48.928 [Test worker] DEBUG org.springframework.test.context.BootstrapUtils - Instantiating CacheAwareContextLoaderDelegate from class [org.springframework.test.context.cache.DefaultCacheAwareContextLoaderDelegate]
03:10:48.932 [Test worker] DEBUG org.springframework.test.context.BootstrapUtils - Instantiating BootstrapContext using constructor [public org.springframework.test.context.support.DefaultBootstrapContext(java.lang.Class,org.springframework.test.context.CacheAwareContextLoaderDelegate)]
03:10:48.945 [Test worker] DEBUG org.springframework.test.context.BootstrapUtils - Instantiating TestContextBootstrapper for test class [com.example.pmController.PmControllerApplicationTests] from class [org.springframework.boot.test.context.SpringBootTestContextBootstrapper]
03:10:48.949 [Test worker] INFO org.springframework.boot.test.context.SpringBootTestContextBootstrapper - Neither @ContextConfiguration nor @ContextHierarchy found for test class [com.example.pmController.PmControllerApplicationTests], using SpringBootContextLoader
03:10:48.951 [Test worker] DEBUG org.springframework.test.context.support.AbstractContextLoader - Did not detect default resource location for test class [com.example.pmController.PmControllerApplicationTests]: class path resource [com/example/pmController/PmControllerApplicationTests-context.xml] does not exist
03:10:48.951 [Test worker] DEBUG org.springframework.test.context.support.AbstractContextLoader - Did not detect default resource location for test class [com.example.pmController.PmControllerApplicationTests]: class path resource [com/example/pmController/PmControllerApplicationTestsContext.groovy] does not exist
03:10:48.951 [Test worker] INFO org.springframework.test.context.support.AbstractContextLoader - Could not detect default resource locations for test class [com.example.pmController.PmControllerApplicationTests]: no resource found for suffixes {-context.xml, Context.groovy}.
03:10:48.951 [Test worker] INFO org.springframework.test.context.support.AnnotationConfigContextLoaderUtils - Could not detect default configuration classes for test class [com.example.pmController.PmControllerApplicationTests]: PmControllerApplicationTests does not declare any static, non-private, non-final, nested classes annotated with @Configuration.
03:10:48.965 [Test worker] DEBUG org.springframework.test.context.support.ActiveProfilesUtils - Could not find an 'annotation declaring class' for annotation type [org.springframework.test.context.ActiveProfiles] and class [com.example.pmController.PmControllerApplicationTests]
03:10:48.987 [Test worker] DEBUG org.springframework.context.annotation.ClassPathScanningCandidateComponentProvider - Identified candidate component class: file [/Users/ilhanyu/Documents/SCH/Lab/chanyung_client/pmController/build/classes/java/main/com/example/pmController/PmControllerApplication.class]
03:10:48.987 [Test worker] INFO org.springframework.boot.test.context.SpringBootTestContextBootstrapper - Found @SpringBootConfiguration com.example.pmController.PmControllerApplication for test class com.example.pmController.PmControllerApplicationTests
03:10:49.019 [Test worker] DEBUG org.springframework.boot.test.context.SpringBootTestContextBootstrapper - @TestExecutionListeners is not present for class [com.example.pmController.PmControllerApplicationTests]: using defaults.
03:10:49.019 [Test worker] INFO org.springframework.boot.test.context.SpringBootTestContextBootstrapper - Loaded default TestExecutionListener class names from location [META-INF/spring.factories]: [org.springframework.boot.test.autoconfigure.restdocs.RestDocsTestExecutionListener, org.springframework.boot.test.autoconfigure.web.client.MockRestServiceServerResetTestExecutionListener, org.springframework.boot.test.autoconfigure.web.servlet.MockMvcPrintOnlyOnFailureTestExecutionListener, org.springframework.boot.test.autoconfigure.web.servlet.WebDriverTestExecutionListener, org.springframework.boot.test.autoconfigure.webservices.client.MockWebServiceServerTestExecutionListener, org.springframework.boot.test.mock.mockito.MockitoTestExecutionListener, org.springframework.boot.test.mock.mockito.ResetMocksTestExecutionListener, org.springframework.test.context.web.ServletTestExecutionListener, org.springframework.test.context.support.DirtiesContextBeforeModesTestExecutionListener, org.springframework.test.context.event.ApplicationEventsTestExecutionListener, org.springframework.test.context.support.DependencyInjectionTestExecutionListener, org.springframework.test.context.support.DirtiesContextTestExecutionListener, org.springframework.test.context.transaction.TransactionalTestExecutionListener, org.springframework.test.context.jdbc.SqlScriptsTestExecutionListener, org.springframework.test.context.event.EventPublishingTestExecutionListener]
03:10:49.023 [Test worker] DEBUG org.springframework.boot.test.context.SpringBootTestContextBootstrapper - Skipping candidate TestExecutionListener [org.springframework.test.context.transaction.TransactionalTestExecutionListener] due to a missing dependency. Specify custom listener classes or make the default listener classes and their required dependencies available. Offending class: [org/springframework/transaction/interceptor/TransactionAttributeSource]
03:10:49.023 [Test worker] DEBUG org.springframework.boot.test.context.SpringBootTestContextBootstrapper - Skipping candidate TestExecutionListener [org.springframework.test.context.jdbc.SqlScriptsTestExecutionListener] due to a missing dependency. Specify custom listener classes or make the default listener classes and their required dependencies available. Offending class: [org/springframework/transaction/interceptor/TransactionAttribute]
03:10:49.023 [Test worker] INFO org.springframework.boot.test.context.SpringBootTestContextBootstrapper - Using TestExecutionListeners: [org.springframework.test.context.web.ServletTestExecutionListener@18230356, org.springframework.test.context.support.DirtiesContextBeforeModesTestExecutionListener@d8305c2, org.springframework.test.context.event.ApplicationEventsTestExecutionListener@56bca85b, org.springframework.boot.test.mock.mockito.MockitoTestExecutionListener@75d0911a, org.springframework.boot.test.autoconfigure.SpringBootDependencyInjectionTestExecutionListener@75e91545, org.springframework.test.context.support.DirtiesContextTestExecutionListener@60d1a32f, org.springframework.test.context.event.EventPublishingTestExecutionListener@531c311e, org.springframework.boot.test.autoconfigure.restdocs.RestDocsTestExecutionListener@22b53226, org.springframework.boot.test.autoconfigure.web.client.MockRestServiceServerResetTestExecutionListener@1fcb4808, org.springframework.boot.test.autoconfigure.web.servlet.MockMvcPrintOnlyOnFailureTestExecutionListener@726e5805, org.springframework.boot.test.autoconfigure.web.servlet.WebDriverTestExecutionListener@40c80397, org.springframework.boot.test.autoconfigure.webservices.client.MockWebServiceServerTestExecutionListener@4b672daa, org.springframework.boot.test.mock.mockito.ResetMocksTestExecutionListener@ea9b7c6]
03:10:49.025 [Test worker] DEBUG org.springframework.test.context.support.AbstractDirtiesContextTestExecutionListener - Before test class: context [DefaultTestContext@4879f0f2 testClass = PmControllerApplicationTests, testInstance = [null], testMethod = [null], testException = [null], mergedContextConfiguration = [WebMergedContextConfiguration@47db5fa5 testClass = PmControllerApplicationTests, locations = '{}', classes = '{class com.example.pmController.PmControllerApplication}', contextInitializerClasses = '[]', activeProfiles = '{}', propertySourceLocations = '{}', propertySourceProperties = '{org.springframework.boot.test.context.SpringBootTestContextBootstrapper=true}', contextCustomizers = set[org.springframework.boot.test.autoconfigure.actuate.metrics.MetricsExportContextCustomizerFactory$DisableMetricExportContextCustomizer@7d9e8ef7, org.springframework.boot.test.autoconfigure.properties.PropertyMappingContextCustomizer@0, org.springframework.boot.test.autoconfigure.web.servlet.WebDriverContextCustomizerFactory$Customizer@17d88132, org.springframework.boot.test.context.filter.ExcludeFilterContextCustomizer@36b4091c, org.springframework.boot.test.json.DuplicateJsonObjectContextCustomizerFactory$DuplicateJsonObjectContextCustomizer@5b367418, org.springframework.boot.test.mock.mockito.MockitoContextCustomizer@0, org.springframework.boot.test.web.client.TestRestTemplateContextCustomizer@49c66ade, org.springframework.boot.test.context.SpringBootTestArgs@1, org.springframework.boot.test.context.SpringBootTestWebEnvironment@1757cd72], resourceBasePath = 'src/main/webapp', contextLoader = 'org.springframework.boot.test.context.SpringBootContextLoader', parent = [null]], attributes = map['org.springframework.test.context.web.ServletTestExecutionListener.activateListener' -> true]], class annotated with @DirtiesContext [false] with mode [null].

  .   ____          _            __ _ _
 /\\ / ___'_ __ _ _(_)_ __  __ _ \ \ \ \
( ( )\___ | '_ | '_| | '_ \/ _` | \ \ \ \
 \\/  ___)| |_)| | | | | || (_| |  ) ) ) )
  '  |____| .__|_| |_|_| |_\__, | / / / /
 =========|_|==============|___/=/_/_/_/
 :: Spring Boot ::               (v2.7.15)

2023-09-07 03:10:49.165  WARN 12364 --- [    Test worker] ory$DuplicateJsonObjectContextCustomizer : 

Found multiple occurrences of org.json.JSONObject on the class path:

	jar:file:/Users/ilhanyu/.gradle/caches/modules-2/files-2.1/org.json/json/20160212/a742e3f85161835b95877478c5dd5b405cefaab9/json-20160212.jar!/org/json/JSONObject.class
	jar:file:/Users/ilhanyu/.gradle/caches/modules-2/files-2.1/com.vaadin.external.google/android-json/0.0.20131108.vaadin1/fa26d351fe62a6a17f5cda1287c1c6110dec413f/android-json-0.0.20131108.vaadin1.jar!/org/json/JSONObject.class

You may wish to exclude one of them to ensure predictable runtime behavior

2023-09-07 03:10:49.170  INFO 12364 --- [    Test worker] c.e.p.PmControllerApplicationTests       : Starting PmControllerApplicationTests using Java 18.0.2 on ilhanui-MacBookAir.local with PID 12364 (started by ilhanyu in /Users/ilhanyu/Documents/SCH/Lab/chanyung_client/pmController)
2023-09-07 03:10:49.170  INFO 12364 --- [    Test worker] c.e.p.PmControllerApplicationTests       : No active profile set, falling back to 1 default profile: "default"
2023-09-07 03:10:49.685  INFO 12364 --- [    Test worker] o.s.b.a.w.s.WelcomePageHandlerMapping    : Adding welcome page template: index
2023-09-07 03:10:49.778  INFO 12364 --- [    Test worker] c.e.p.PmControllerApplicationTests       : Started PmControllerApplicationTests in 0.74 seconds (JVM running for 1.13)
]]></system-out>
  <system-err><![CDATA[]]></system-err>
</testsuite>
